{"/home/user/Рабочий стол/frontend-project-lvl2/index.js": {"path":"/home/user/Рабочий стол/frontend-project-lvl2/index.js","all":false,"statementMap":{"0":{"start":{"line":1,"column":0},"end":{"line":1,"column":20}},"1":{"start":{"line":2,"column":0},"end":{"line":2,"column":24}},"2":{"start":{"line":3,"column":0},"end":{"line":3,"column":37}},"3":{"start":{"line":4,"column":0},"end":{"line":4,"column":47}},"4":{"start":{"line":5,"column":0},"end":{"line":5,"column":47}},"5":{"start":{"line":6,"column":0},"end":{"line":6,"column":0}},"6":{"start":{"line":7,"column":0},"end":{"line":7,"column":37}},"7":{"start":{"line":8,"column":0},"end":{"line":8,"column":34}},"8":{"start":{"line":9,"column":0},"end":{"line":9,"column":35}},"9":{"start":{"line":10,"column":0},"end":{"line":10,"column":58}},"10":{"start":{"line":11,"column":0},"end":{"line":11,"column":60}},"11":{"start":{"line":12,"column":0},"end":{"line":12,"column":53}},"12":{"start":{"line":13,"column":0},"end":{"line":13,"column":0}},"13":{"start":{"line":14,"column":0},"end":{"line":14,"column":36}},"14":{"start":{"line":15,"column":0},"end":{"line":15,"column":2}},"15":{"start":{"line":16,"column":0},"end":{"line":16,"column":0}},"16":{"start":{"line":17,"column":0},"end":{"line":17,"column":84}},"17":{"start":{"line":18,"column":0},"end":{"line":18,"column":45}},"18":{"start":{"line":19,"column":0},"end":{"line":19,"column":43}},"19":{"start":{"line":20,"column":0},"end":{"line":20,"column":54}},"20":{"start":{"line":21,"column":0},"end":{"line":21,"column":66}},"21":{"start":{"line":22,"column":0},"end":{"line":22,"column":0}},"22":{"start":{"line":23,"column":0},"end":{"line":23,"column":27}},"23":{"start":{"line":24,"column":0},"end":{"line":24,"column":2}}},"s":{"0":1,"1":1,"2":1,"3":1,"4":1,"5":1,"6":1,"7":12,"8":12,"9":12,"10":12,"11":12,"12":12,"13":12,"14":12,"15":1,"16":1,"17":6,"18":6,"19":6,"20":6,"21":6,"22":6,"23":6},"branchMap":{"0":{"type":"branch","line":7,"loc":{"start":{"line":7,"column":17},"end":{"line":15,"column":2}},"locations":[{"start":{"line":7,"column":17},"end":{"line":15,"column":2}}]},"1":{"type":"branch","line":17,"loc":{"start":{"line":17,"column":15},"end":{"line":24,"column":2}},"locations":[{"start":{"line":17,"column":15},"end":{"line":24,"column":2}}]}},"b":{"0":[12],"1":[6]},"fnMap":{"0":{"name":"getData","decl":{"start":{"line":7,"column":17},"end":{"line":15,"column":2}},"loc":{"start":{"line":7,"column":17},"end":{"line":15,"column":2}},"line":7},"1":{"name":"default","decl":{"start":{"line":17,"column":15},"end":{"line":24,"column":2}},"loc":{"start":{"line":17,"column":15},"end":{"line":24,"column":2}},"line":17}},"f":{"0":12,"1":6}}
,"/home/user/Рабочий стол/frontend-project-lvl2/src/genDiffTree.js": {"path":"/home/user/Рабочий стол/frontend-project-lvl2/src/genDiffTree.js","all":false,"statementMap":{"0":{"start":{"line":1,"column":0},"end":{"line":1,"column":23}},"1":{"start":{"line":2,"column":0},"end":{"line":2,"column":0}},"2":{"start":{"line":3,"column":0},"end":{"line":3,"column":48}},"3":{"start":{"line":4,"column":0},"end":{"line":4,"column":40}},"4":{"start":{"line":5,"column":0},"end":{"line":5,"column":38}},"5":{"start":{"line":6,"column":0},"end":{"line":6,"column":54}},"6":{"start":{"line":7,"column":0},"end":{"line":7,"column":44}},"7":{"start":{"line":8,"column":0},"end":{"line":8,"column":0}},"8":{"start":{"line":9,"column":0},"end":{"line":9,"column":36}},"9":{"start":{"line":10,"column":0},"end":{"line":10,"column":35}},"10":{"start":{"line":11,"column":0},"end":{"line":11,"column":34}},"11":{"start":{"line":12,"column":0},"end":{"line":12,"column":0}},"12":{"start":{"line":13,"column":0},"end":{"line":13,"column":51}},"13":{"start":{"line":14,"column":0},"end":{"line":14,"column":14}},"14":{"start":{"line":15,"column":0},"end":{"line":15,"column":12}},"15":{"start":{"line":16,"column":0},"end":{"line":16,"column":23}},"16":{"start":{"line":17,"column":0},"end":{"line":17,"column":44}},"17":{"start":{"line":18,"column":0},"end":{"line":18,"column":8}},"18":{"start":{"line":19,"column":0},"end":{"line":19,"column":5}},"19":{"start":{"line":20,"column":0},"end":{"line":20,"column":34}},"20":{"start":{"line":21,"column":0},"end":{"line":21,"column":14}},"21":{"start":{"line":22,"column":0},"end":{"line":22,"column":12}},"22":{"start":{"line":23,"column":0},"end":{"line":23,"column":22}},"23":{"start":{"line":24,"column":0},"end":{"line":24,"column":15}},"24":{"start":{"line":25,"column":0},"end":{"line":25,"column":8}},"25":{"start":{"line":26,"column":0},"end":{"line":26,"column":5}},"26":{"start":{"line":27,"column":0},"end":{"line":27,"column":33}},"27":{"start":{"line":28,"column":0},"end":{"line":28,"column":14}},"28":{"start":{"line":29,"column":0},"end":{"line":29,"column":12}},"29":{"start":{"line":30,"column":0},"end":{"line":30,"column":24}},"30":{"start":{"line":31,"column":0},"end":{"line":31,"column":15}},"31":{"start":{"line":32,"column":0},"end":{"line":32,"column":8}},"32":{"start":{"line":33,"column":0},"end":{"line":33,"column":5}},"33":{"start":{"line":34,"column":0},"end":{"line":34,"column":28}},"34":{"start":{"line":35,"column":0},"end":{"line":35,"column":14}},"35":{"start":{"line":36,"column":0},"end":{"line":36,"column":12}},"36":{"start":{"line":37,"column":0},"end":{"line":37,"column":24}},"37":{"start":{"line":38,"column":0},"end":{"line":38,"column":15}},"38":{"start":{"line":39,"column":0},"end":{"line":39,"column":15}},"39":{"start":{"line":40,"column":0},"end":{"line":40,"column":8}},"40":{"start":{"line":41,"column":0},"end":{"line":41,"column":5}},"41":{"start":{"line":42,"column":0},"end":{"line":42,"column":0}},"42":{"start":{"line":43,"column":0},"end":{"line":43,"column":12}},"43":{"start":{"line":44,"column":0},"end":{"line":44,"column":10}},"44":{"start":{"line":45,"column":0},"end":{"line":45,"column":24}},"45":{"start":{"line":46,"column":0},"end":{"line":46,"column":30}},"46":{"start":{"line":47,"column":0},"end":{"line":47,"column":6}},"47":{"start":{"line":48,"column":0},"end":{"line":48,"column":4}},"48":{"start":{"line":49,"column":0},"end":{"line":49,"column":41}},"49":{"start":{"line":50,"column":0},"end":{"line":50,"column":2}},"50":{"start":{"line":51,"column":0},"end":{"line":51,"column":0}},"51":{"start":{"line":52,"column":0},"end":{"line":52,"column":27}}},"s":{"0":1,"1":1,"2":1,"3":30,"4":30,"5":30,"6":30,"7":30,"8":30,"9":108,"10":108,"11":108,"12":108,"13":24,"14":24,"15":24,"16":24,"17":24,"18":24,"19":108,"20":30,"21":30,"22":30,"23":30,"24":30,"25":30,"26":108,"27":12,"28":12,"29":12,"30":12,"31":12,"32":12,"33":108,"34":24,"35":24,"36":24,"37":24,"38":24,"39":24,"40":24,"41":108,"42":108,"43":108,"44":108,"45":108,"46":108,"47":108,"48":30,"49":30,"50":1,"51":1},"branchMap":{"0":{"type":"branch","line":3,"loc":{"start":{"line":3,"column":20},"end":{"line":50,"column":2}},"locations":[{"start":{"line":3,"column":20},"end":{"line":50,"column":2}}]},"1":{"type":"branch","line":9,"loc":{"start":{"line":9,"column":27},"end":{"line":48,"column":4}},"locations":[{"start":{"line":9,"column":27},"end":{"line":48,"column":4}}]},"2":{"type":"branch","line":13,"loc":{"start":{"line":13,"column":8},"end":{"line":13,"column":31}},"locations":[{"start":{"line":13,"column":8},"end":{"line":13,"column":31}}]},"3":{"type":"branch","line":13,"loc":{"start":{"line":13,"column":50},"end":{"line":19,"column":5}},"locations":[{"start":{"line":13,"column":50},"end":{"line":19,"column":5}}]},"4":{"type":"branch","line":20,"loc":{"start":{"line":20,"column":33},"end":{"line":26,"column":5}},"locations":[{"start":{"line":20,"column":33},"end":{"line":26,"column":5}}]},"5":{"type":"branch","line":27,"loc":{"start":{"line":27,"column":32},"end":{"line":33,"column":5}},"locations":[{"start":{"line":27,"column":32},"end":{"line":33,"column":5}}]},"6":{"type":"branch","line":34,"loc":{"start":{"line":34,"column":-1},"end":{"line":34,"column":8}},"locations":[{"start":{"line":34,"column":-1},"end":{"line":34,"column":8}}]},"7":{"type":"branch","line":34,"loc":{"start":{"line":34,"column":27},"end":{"line":41,"column":5}},"locations":[{"start":{"line":34,"column":27},"end":{"line":41,"column":5}}]}},"b":{"0":[30],"1":[108],"2":[36],"3":[24],"4":[30],"5":[12],"6":[42],"7":[24]},"fnMap":{"0":{"name":"genDiffTree","decl":{"start":{"line":3,"column":20},"end":{"line":50,"column":2}},"loc":{"start":{"line":3,"column":20},"end":{"line":50,"column":2}},"line":3},"1":{"name":"defineKeyParams","decl":{"start":{"line":9,"column":27},"end":{"line":48,"column":4}},"loc":{"start":{"line":9,"column":27},"end":{"line":48,"column":4}},"line":9}},"f":{"0":30,"1":108}}
,"/home/user/Рабочий стол/frontend-project-lvl2/src/parsers.js": {"path":"/home/user/Рабочий стол/frontend-project-lvl2/src/parsers.js","all":false,"statementMap":{"0":{"start":{"line":1,"column":0},"end":{"line":1,"column":27}},"1":{"start":{"line":2,"column":0},"end":{"line":2,"column":0}},"2":{"start":{"line":3,"column":0},"end":{"line":3,"column":17}},"3":{"start":{"line":4,"column":0},"end":{"line":4,"column":19}},"4":{"start":{"line":5,"column":0},"end":{"line":5,"column":17}},"5":{"start":{"line":6,"column":0},"end":{"line":6,"column":2}},"6":{"start":{"line":7,"column":0},"end":{"line":7,"column":0}},"7":{"start":{"line":8,"column":0},"end":{"line":8,"column":50}},"8":{"start":{"line":9,"column":0},"end":{"line":9,"column":0}},"9":{"start":{"line":10,"column":0},"end":{"line":10,"column":21}}},"s":{"0":1,"1":1,"2":1,"3":1,"4":1,"5":1,"6":1,"7":1,"8":1,"9":1},"branchMap":{"0":{"type":"branch","line":8,"loc":{"start":{"line":8,"column":14},"end":{"line":8,"column":37}},"locations":[{"start":{"line":8,"column":14},"end":{"line":8,"column":37}}]}},"b":{"0":[12]},"fnMap":{"0":{"name":"parse","decl":{"start":{"line":8,"column":14},"end":{"line":8,"column":37}},"loc":{"start":{"line":8,"column":14},"end":{"line":8,"column":37}},"line":8}},"f":{"0":12}}
,"/home/user/Рабочий стол/frontend-project-lvl2/src/formatters/index.js": {"path":"/home/user/Рабочий стол/frontend-project-lvl2/src/formatters/index.js","all":false,"statementMap":{"0":{"start":{"line":1,"column":0},"end":{"line":1,"column":35}},"1":{"start":{"line":2,"column":0},"end":{"line":2,"column":0}},"2":{"start":{"line":3,"column":0},"end":{"line":3,"column":31}},"3":{"start":{"line":4,"column":0},"end":{"line":4,"column":35}},"4":{"start":{"line":5,"column":0},"end":{"line":5,"column":0}},"5":{"start":{"line":6,"column":0},"end":{"line":6,"column":19}},"6":{"start":{"line":7,"column":0},"end":{"line":7,"column":35}},"7":{"start":{"line":8,"column":0},"end":{"line":8,"column":31}},"8":{"start":{"line":9,"column":0},"end":{"line":9,"column":29}},"9":{"start":{"line":10,"column":0},"end":{"line":10,"column":2}},"10":{"start":{"line":11,"column":0},"end":{"line":11,"column":55}},"11":{"start":{"line":12,"column":0},"end":{"line":12,"column":24}}},"s":{"0":1,"1":1,"2":1,"3":1,"4":1,"5":1,"6":1,"7":1,"8":1,"9":1,"10":1,"11":1},"branchMap":{"0":{"type":"branch","line":7,"loc":{"start":{"line":7,"column":12},"end":{"line":7,"column":29}},"locations":[{"start":{"line":7,"column":12},"end":{"line":7,"column":29}}]},"1":{"type":"branch","line":8,"loc":{"start":{"line":8,"column":10},"end":{"line":8,"column":25}},"locations":[{"start":{"line":8,"column":10},"end":{"line":8,"column":25}}]},"2":{"type":"branch","line":9,"loc":{"start":{"line":9,"column":9},"end":{"line":9,"column":23}},"locations":[{"start":{"line":9,"column":9},"end":{"line":9,"column":23}}]},"3":{"type":"branch","line":11,"loc":{"start":{"line":11,"column":17},"end":{"line":11,"column":42}},"locations":[{"start":{"line":11,"column":17},"end":{"line":11,"column":42}}]}},"b":{"0":[2],"1":[2],"2":[2],"3":[6]},"fnMap":{"0":{"name":"stylish","decl":{"start":{"line":7,"column":12},"end":{"line":7,"column":29}},"loc":{"start":{"line":7,"column":12},"end":{"line":7,"column":29}},"line":7},"1":{"name":"plain","decl":{"start":{"line":8,"column":10},"end":{"line":8,"column":25}},"loc":{"start":{"line":8,"column":10},"end":{"line":8,"column":25}},"line":8},"2":{"name":"json","decl":{"start":{"line":9,"column":9},"end":{"line":9,"column":23}},"loc":{"start":{"line":9,"column":9},"end":{"line":9,"column":23}},"line":9},"3":{"name":"formater","decl":{"start":{"line":11,"column":17},"end":{"line":11,"column":42}},"loc":{"start":{"line":11,"column":17},"end":{"line":11,"column":42}},"line":11}},"f":{"0":2,"1":2,"2":2,"3":6}}
,"/home/user/Рабочий стол/frontend-project-lvl2/src/formatters/jsonFormat.js": {"path":"/home/user/Рабочий стол/frontend-project-lvl2/src/formatters/jsonFormat.js","all":false,"statementMap":{"0":{"start":{"line":1,"column":0},"end":{"line":1,"column":54}}},"s":{"0":1},"branchMap":{"0":{"type":"branch","line":1,"loc":{"start":{"line":1,"column":16},"end":{"line":1,"column":33}},"locations":[{"start":{"line":1,"column":16},"end":{"line":1,"column":33}}]}},"b":{"0":[2]},"fnMap":{"0":{"name":"default","decl":{"start":{"line":1,"column":16},"end":{"line":1,"column":33}},"loc":{"start":{"line":1,"column":16},"end":{"line":1,"column":33}},"line":1}},"f":{"0":2}}
,"/home/user/Рабочий стол/frontend-project-lvl2/src/formatters/plain.js": {"path":"/home/user/Рабочий стол/frontend-project-lvl2/src/formatters/plain.js","all":false,"statementMap":{"0":{"start":{"line":1,"column":0},"end":{"line":1,"column":23}},"1":{"start":{"line":2,"column":0},"end":{"line":2,"column":0}},"2":{"start":{"line":3,"column":0},"end":{"line":3,"column":35}},"3":{"start":{"line":4,"column":0},"end":{"line":4,"column":34}},"4":{"start":{"line":5,"column":0},"end":{"line":5,"column":24}},"5":{"start":{"line":6,"column":0},"end":{"line":6,"column":3}},"6":{"start":{"line":7,"column":0},"end":{"line":7,"column":26}},"7":{"start":{"line":8,"column":0},"end":{"line":8,"column":29}},"8":{"start":{"line":9,"column":0},"end":{"line":9,"column":3}},"9":{"start":{"line":10,"column":0},"end":{"line":10,"column":15}},"10":{"start":{"line":11,"column":0},"end":{"line":11,"column":2}},"11":{"start":{"line":12,"column":0},"end":{"line":12,"column":0}},"12":{"start":{"line":13,"column":0},"end":{"line":13,"column":17}},"13":{"start":{"line":14,"column":0},"end":{"line":14,"column":22}},"14":{"start":{"line":15,"column":0},"end":{"line":15,"column":62}},"15":{"start":{"line":16,"column":0},"end":{"line":16,"column":105}},"16":{"start":{"line":17,"column":0},"end":{"line":17,"column":136}},"17":{"start":{"line":18,"column":0},"end":{"line":18,"column":76}},"18":{"start":{"line":19,"column":0},"end":{"line":19,"column":2}},"19":{"start":{"line":20,"column":0},"end":{"line":20,"column":53}},"20":{"start":{"line":21,"column":0},"end":{"line":21,"column":30}},"21":{"start":{"line":22,"column":0},"end":{"line":22,"column":39}},"22":{"start":{"line":23,"column":0},"end":{"line":23,"column":31}},"23":{"start":{"line":24,"column":0},"end":{"line":24,"column":32}},"24":{"start":{"line":25,"column":0},"end":{"line":25,"column":53}},"25":{"start":{"line":26,"column":0},"end":{"line":26,"column":0}},"26":{"start":{"line":27,"column":0},"end":{"line":27,"column":55}},"27":{"start":{"line":28,"column":0},"end":{"line":28,"column":6}},"28":{"start":{"line":29,"column":0},"end":{"line":29,"column":0}},"29":{"start":{"line":30,"column":0},"end":{"line":30,"column":68}},"30":{"start":{"line":31,"column":0},"end":{"line":31,"column":4}},"31":{"start":{"line":32,"column":0},"end":{"line":32,"column":0}},"32":{"start":{"line":33,"column":0},"end":{"line":33,"column":35}},"33":{"start":{"line":34,"column":0},"end":{"line":34,"column":2}},"34":{"start":{"line":35,"column":0},"end":{"line":35,"column":22}}},"s":{"0":1,"1":1,"2":1,"3":26,"4":14,"5":14,"6":26,"7":6,"8":6,"9":6,"10":6,"11":1,"12":1,"13":1,"14":1,"15":1,"16":1,"17":1,"18":1,"19":1,"20":1,"21":2,"22":10,"23":36,"24":36,"25":36,"26":36,"27":36,"28":10,"29":10,"30":10,"31":2,"32":2,"33":2,"34":1},"branchMap":{"0":{"type":"branch","line":3,"loc":{"start":{"line":3,"column":24},"end":{"line":11,"column":2}},"locations":[{"start":{"line":3,"column":24},"end":{"line":11,"column":2}}]},"1":{"type":"branch","line":4,"loc":{"start":{"line":4,"column":33},"end":{"line":6,"column":3}},"locations":[{"start":{"line":4,"column":33},"end":{"line":6,"column":3}}]},"2":{"type":"branch","line":7,"loc":{"start":{"line":7,"column":25},"end":{"line":11,"column":2}},"locations":[{"start":{"line":7,"column":25},"end":{"line":11,"column":2}}]},"3":{"type":"branch","line":14,"loc":{"start":{"line":14,"column":13},"end":{"line":14,"column":22}},"locations":[{"start":{"line":14,"column":13},"end":{"line":14,"column":22}}]},"4":{"type":"branch","line":15,"loc":{"start":{"line":15,"column":12},"end":{"line":15,"column":62}},"locations":[{"start":{"line":15,"column":12},"end":{"line":15,"column":62}}]},"5":{"type":"branch","line":16,"loc":{"start":{"line":16,"column":9},"end":{"line":16,"column":105}},"locations":[{"start":{"line":16,"column":9},"end":{"line":16,"column":105}}]},"6":{"type":"branch","line":17,"loc":{"start":{"line":17,"column":11},"end":{"line":17,"column":136}},"locations":[{"start":{"line":17,"column":11},"end":{"line":17,"column":136}}]},"7":{"type":"branch","line":18,"loc":{"start":{"line":18,"column":10},"end":{"line":18,"column":54}},"locations":[{"start":{"line":18,"column":10},"end":{"line":18,"column":54}}]},"8":{"type":"branch","line":20,"loc":{"start":{"line":20,"column":28},"end":{"line":20,"column":53}},"locations":[{"start":{"line":20,"column":28},"end":{"line":20,"column":53}}]},"9":{"type":"branch","line":21,"loc":{"start":{"line":21,"column":16},"end":{"line":34,"column":2}},"locations":[{"start":{"line":21,"column":16},"end":{"line":34,"column":2}}]},"10":{"type":"branch","line":22,"loc":{"start":{"line":22,"column":22},"end":{"line":31,"column":4}},"locations":[{"start":{"line":22,"column":22},"end":{"line":31,"column":4}}]},"11":{"type":"branch","line":23,"loc":{"start":{"line":23,"column":22},"end":{"line":28,"column":6}},"locations":[{"start":{"line":23,"column":22},"end":{"line":28,"column":6}}]},"12":{"type":"branch","line":25,"loc":{"start":{"line":25,"column":27},"end":{"line":25,"column":49}},"locations":[{"start":{"line":25,"column":27},"end":{"line":25,"column":49}}]},"13":{"type":"branch","line":25,"loc":{"start":{"line":25,"column":27},"end":{"line":25,"column":53}},"locations":[{"start":{"line":25,"column":27},"end":{"line":25,"column":53}}]}},"b":{"0":[26],"1":[14],"2":[6],"3":[6],"4":[4],"5":[10],"6":[8],"7":[8],"8":[36],"9":[2],"10":[10],"11":[36],"12":[28],"13":[8]},"fnMap":{"0":{"name":"processedValue","decl":{"start":{"line":3,"column":24},"end":{"line":11,"column":2}},"loc":{"start":{"line":3,"column":24},"end":{"line":11,"column":2}},"line":3},"1":{"name":"unchanged","decl":{"start":{"line":14,"column":13},"end":{"line":14,"column":22}},"loc":{"start":{"line":14,"column":13},"end":{"line":14,"column":22}},"line":14},"2":{"name":"removed","decl":{"start":{"line":15,"column":12},"end":{"line":15,"column":62}},"loc":{"start":{"line":15,"column":12},"end":{"line":15,"column":62}},"line":15},"3":{"name":"added","decl":{"start":{"line":16,"column":9},"end":{"line":16,"column":105}},"loc":{"start":{"line":16,"column":9},"end":{"line":16,"column":105}},"line":16},"4":{"name":"changed","decl":{"start":{"line":17,"column":11},"end":{"line":17,"column":136}},"loc":{"start":{"line":17,"column":11},"end":{"line":17,"column":136}},"line":17},"5":{"name":"nested","decl":{"start":{"line":18,"column":10},"end":{"line":18,"column":54}},"loc":{"start":{"line":18,"column":10},"end":{"line":18,"column":54}},"line":18},"6":{"name":"removeEmptyStrings","decl":{"start":{"line":20,"column":28},"end":{"line":20,"column":53}},"loc":{"start":{"line":20,"column":28},"end":{"line":20,"column":53}},"line":20},"7":{"name":"format","decl":{"start":{"line":21,"column":16},"end":{"line":34,"column":2}},"loc":{"start":{"line":21,"column":16},"end":{"line":34,"column":2}},"line":21},"8":{"name":"innerFormat","decl":{"start":{"line":22,"column":22},"end":{"line":31,"column":4}},"loc":{"start":{"line":22,"column":22},"end":{"line":31,"column":4}},"line":22},"9":{"name":"callback","decl":{"start":{"line":23,"column":22},"end":{"line":28,"column":6}},"loc":{"start":{"line":23,"column":22},"end":{"line":28,"column":6}},"line":23}},"f":{"0":26,"1":6,"2":4,"3":10,"4":8,"5":8,"6":36,"7":2,"8":10,"9":36}}
,"/home/user/Рабочий стол/frontend-project-lvl2/src/formatters/stylish.js": {"path":"/home/user/Рабочий стол/frontend-project-lvl2/src/formatters/stylish.js","all":false,"statementMap":{"0":{"start":{"line":1,"column":0},"end":{"line":1,"column":23}},"1":{"start":{"line":2,"column":0},"end":{"line":2,"column":0}},"2":{"start":{"line":3,"column":0},"end":{"line":3,"column":16}},"3":{"start":{"line":4,"column":0},"end":{"line":4,"column":45}},"4":{"start":{"line":5,"column":0},"end":{"line":5,"column":27}},"5":{"start":{"line":6,"column":0},"end":{"line":6,"column":17}},"6":{"start":{"line":7,"column":0},"end":{"line":7,"column":3}},"7":{"start":{"line":8,"column":0},"end":{"line":8,"column":29}},"8":{"start":{"line":9,"column":0},"end":{"line":9,"column":133}},"9":{"start":{"line":10,"column":0},"end":{"line":10,"column":110}},"10":{"start":{"line":11,"column":0},"end":{"line":11,"column":2}},"11":{"start":{"line":12,"column":0},"end":{"line":12,"column":122}},"12":{"start":{"line":13,"column":0},"end":{"line":13,"column":0}},"13":{"start":{"line":14,"column":0},"end":{"line":14,"column":17}},"14":{"start":{"line":15,"column":0},"end":{"line":15,"column":0}},"15":{"start":{"line":16,"column":0},"end":{"line":16,"column":72}},"16":{"start":{"line":17,"column":0},"end":{"line":17,"column":70}},"17":{"start":{"line":18,"column":0},"end":{"line":18,"column":68}},"18":{"start":{"line":19,"column":0},"end":{"line":19,"column":28}},"19":{"start":{"line":20,"column":0},"end":{"line":20,"column":47}},"20":{"start":{"line":21,"column":0},"end":{"line":21,"column":47}},"21":{"start":{"line":22,"column":0},"end":{"line":22,"column":4}},"22":{"start":{"line":23,"column":0},"end":{"line":23,"column":49}},"23":{"start":{"line":24,"column":0},"end":{"line":24,"column":12}},"24":{"start":{"line":25,"column":0},"end":{"line":25,"column":39}},"25":{"start":{"line":26,"column":0},"end":{"line":26,"column":10}},"26":{"start":{"line":27,"column":0},"end":{"line":27,"column":8}},"27":{"start":{"line":28,"column":0},"end":{"line":28,"column":4}},"28":{"start":{"line":29,"column":0},"end":{"line":29,"column":2}},"29":{"start":{"line":30,"column":0},"end":{"line":30,"column":30}},"30":{"start":{"line":31,"column":0},"end":{"line":31,"column":49}},"31":{"start":{"line":32,"column":0},"end":{"line":32,"column":33}},"32":{"start":{"line":33,"column":0},"end":{"line":33,"column":68}},"33":{"start":{"line":34,"column":0},"end":{"line":34,"column":68}},"34":{"start":{"line":35,"column":0},"end":{"line":35,"column":35}},"35":{"start":{"line":36,"column":0},"end":{"line":36,"column":4}},"36":{"start":{"line":37,"column":0},"end":{"line":37,"column":0}},"37":{"start":{"line":38,"column":0},"end":{"line":38,"column":34}},"38":{"start":{"line":39,"column":0},"end":{"line":39,"column":2}},"39":{"start":{"line":40,"column":0},"end":{"line":40,"column":0}},"40":{"start":{"line":41,"column":0},"end":{"line":41,"column":22}}},"s":{"0":1,"1":1,"2":1,"3":1,"4":80,"5":66,"6":66,"7":80,"8":80,"9":80,"10":80,"11":1,"12":1,"13":1,"14":1,"15":1,"16":1,"17":1,"18":1,"19":1,"20":1,"21":1,"22":1,"23":1,"24":1,"25":1,"26":1,"27":1,"28":1,"29":1,"30":2,"31":10,"32":10,"33":10,"34":10,"35":10,"36":2,"37":2,"38":2,"39":1,"40":1},"branchMap":{"0":{"type":"branch","line":4,"loc":{"start":{"line":4,"column":15},"end":{"line":11,"column":2}},"locations":[{"start":{"line":4,"column":15},"end":{"line":11,"column":2}}]},"1":{"type":"branch","line":5,"loc":{"start":{"line":5,"column":26},"end":{"line":7,"column":3}},"locations":[{"start":{"line":5,"column":26},"end":{"line":7,"column":3}}]},"2":{"type":"branch","line":9,"loc":{"start":{"line":9,"column":32},"end":{"line":9,"column":133}},"locations":[{"start":{"line":9,"column":32},"end":{"line":9,"column":133}}]},"3":{"type":"branch","line":12,"loc":{"start":{"line":12,"column":18},"end":{"line":12,"column":122}},"locations":[{"start":{"line":12,"column":18},"end":{"line":12,"column":122}}]},"4":{"type":"branch","line":16,"loc":{"start":{"line":16,"column":13},"end":{"line":16,"column":39}},"locations":[{"start":{"line":16,"column":13},"end":{"line":16,"column":39}}]},"5":{"type":"branch","line":17,"loc":{"start":{"line":17,"column":11},"end":{"line":17,"column":37}},"locations":[{"start":{"line":17,"column":11},"end":{"line":17,"column":37}}]},"6":{"type":"branch","line":18,"loc":{"start":{"line":18,"column":9},"end":{"line":18,"column":35}},"locations":[{"start":{"line":18,"column":9},"end":{"line":18,"column":35}}]},"7":{"type":"branch","line":19,"loc":{"start":{"line":19,"column":11},"end":{"line":19,"column":28}},"locations":[{"start":{"line":19,"column":11},"end":{"line":19,"column":28}}]},"8":{"type":"branch","line":23,"loc":{"start":{"line":23,"column":10},"end":{"line":23,"column":49}},"locations":[{"start":{"line":23,"column":10},"end":{"line":23,"column":49}}]},"9":{"type":"branch","line":30,"loc":{"start":{"line":30,"column":16},"end":{"line":39,"column":2}},"locations":[{"start":{"line":30,"column":16},"end":{"line":39,"column":2}}]},"10":{"type":"branch","line":31,"loc":{"start":{"line":31,"column":22},"end":{"line":36,"column":4}},"locations":[{"start":{"line":31,"column":22},"end":{"line":36,"column":4}}]},"11":{"type":"branch","line":33,"loc":{"start":{"line":33,"column":16},"end":{"line":33,"column":31}},"locations":[{"start":{"line":33,"column":16},"end":{"line":33,"column":31}}]}},"b":{"0":[80],"1":[66],"2":[18],"3":[62],"4":[6],"5":[4],"6":[10],"7":[8],"8":[8],"9":[2],"10":[10],"11":[36]},"fnMap":{"0":{"name":"render","decl":{"start":{"line":4,"column":15},"end":{"line":11,"column":2}},"loc":{"start":{"line":4,"column":15},"end":{"line":11,"column":2}},"line":4},"1":{"name":"convertObjectToString","decl":{"start":{"line":9,"column":32},"end":{"line":9,"column":133}},"loc":{"start":{"line":9,"column":32},"end":{"line":9,"column":133}},"line":9},"2":{"name":"stringify","decl":{"start":{"line":12,"column":18},"end":{"line":12,"column":122}},"loc":{"start":{"line":12,"column":18},"end":{"line":12,"column":122}},"line":12},"3":{"name":"unchanged","decl":{"start":{"line":16,"column":13},"end":{"line":16,"column":39}},"loc":{"start":{"line":16,"column":13},"end":{"line":16,"column":39}},"line":16},"4":{"name":"removed","decl":{"start":{"line":17,"column":11},"end":{"line":17,"column":37}},"loc":{"start":{"line":17,"column":11},"end":{"line":17,"column":37}},"line":17},"5":{"name":"added","decl":{"start":{"line":18,"column":9},"end":{"line":18,"column":35}},"loc":{"start":{"line":18,"column":9},"end":{"line":18,"column":35}},"line":18},"6":{"name":"changed","decl":{"start":{"line":19,"column":11},"end":{"line":19,"column":28}},"loc":{"start":{"line":19,"column":11},"end":{"line":19,"column":28}},"line":19},"7":{"name":"nested","decl":{"start":{"line":23,"column":10},"end":{"line":23,"column":49}},"loc":{"start":{"line":23,"column":10},"end":{"line":23,"column":49}},"line":23},"8":{"name":"format","decl":{"start":{"line":30,"column":16},"end":{"line":39,"column":2}},"loc":{"start":{"line":30,"column":16},"end":{"line":39,"column":2}},"line":30},"9":{"name":"innerFormat","decl":{"start":{"line":31,"column":22},"end":{"line":36,"column":4}},"loc":{"start":{"line":31,"column":22},"end":{"line":36,"column":4}},"line":31}},"f":{"0":80,"1":18,"2":62,"3":6,"4":4,"5":10,"6":8,"7":8,"8":2,"9":10}}
}
