TN:
SF:index.js
FN:7,getData
FN:17,default
FNF:2
FNH:2
FNDA:12,getData
FNDA:6,default
DA:1,1
DA:2,1
DA:3,1
DA:4,1
DA:5,1
DA:6,1
DA:7,1
DA:8,12
DA:9,12
DA:10,12
DA:11,12
DA:12,12
DA:13,12
DA:14,12
DA:15,12
DA:16,1
DA:17,1
DA:18,6
DA:19,6
DA:20,6
DA:21,6
DA:22,6
DA:23,6
DA:24,6
LF:24
LH:24
BRDA:7,0,0,12
BRDA:17,1,0,6
BRF:2
BRH:2
end_of_record
TN:
SF:src/genDiffTree.js
FN:3,genDiffTree
FN:9,defineKeyParams
FNF:2
FNH:2
FNDA:30,genDiffTree
FNDA:108,defineKeyParams
DA:1,1
DA:2,1
DA:3,1
DA:4,30
DA:5,30
DA:6,30
DA:7,30
DA:8,30
DA:9,30
DA:10,108
DA:11,108
DA:12,108
DA:13,108
DA:14,24
DA:15,24
DA:16,24
DA:17,24
DA:18,24
DA:19,24
DA:20,108
DA:21,30
DA:22,30
DA:23,30
DA:24,30
DA:25,30
DA:26,30
DA:27,108
DA:28,12
DA:29,12
DA:30,12
DA:31,12
DA:32,12
DA:33,12
DA:34,108
DA:35,24
DA:36,24
DA:37,24
DA:38,24
DA:39,24
DA:40,24
DA:41,24
DA:42,108
DA:43,108
DA:44,108
DA:45,108
DA:46,108
DA:47,108
DA:48,108
DA:49,30
DA:50,30
DA:51,1
DA:52,1
LF:52
LH:52
BRDA:3,0,0,30
BRDA:9,1,0,108
BRDA:13,2,0,36
BRDA:13,3,0,24
BRDA:20,4,0,30
BRDA:27,5,0,12
BRDA:34,6,0,42
BRDA:34,7,0,24
BRF:8
BRH:8
end_of_record
TN:
SF:src/parsers.js
FN:8,parse
FNF:1
FNH:1
FNDA:12,parse
DA:1,1
DA:2,1
DA:3,1
DA:4,1
DA:5,1
DA:6,1
DA:7,1
DA:8,1
DA:9,1
DA:10,1
LF:10
LH:10
BRDA:8,0,0,12
BRF:1
BRH:1
end_of_record
TN:
SF:src/formatters/index.js
FN:7,stylish
FN:8,plain
FN:9,json
FN:11,formater
FNF:4
FNH:4
FNDA:2,stylish
FNDA:2,plain
FNDA:2,json
FNDA:6,formater
DA:1,1
DA:2,1
DA:3,1
DA:4,1
DA:5,1
DA:6,1
DA:7,1
DA:8,1
DA:9,1
DA:10,1
DA:11,1
DA:12,1
LF:12
LH:12
BRDA:7,0,0,2
BRDA:8,1,0,2
BRDA:9,2,0,2
BRDA:11,3,0,6
BRF:4
BRH:4
end_of_record
TN:
SF:src/formatters/jsonFormat.js
FN:1,default
FNF:1
FNH:1
FNDA:2,default
DA:1,1
LF:1
LH:1
BRDA:1,0,0,2
BRF:1
BRH:1
end_of_record
TN:
SF:src/formatters/plain.js
FN:3,processedValue
FN:14,unchanged
FN:15,removed
FN:16,added
FN:17,changed
FN:18,nested
FN:20,removeEmptyStrings
FN:21,format
FN:22,innerFormat
FN:23,callback
FNF:10
FNH:10
FNDA:26,processedValue
FNDA:6,unchanged
FNDA:4,removed
FNDA:10,added
FNDA:8,changed
FNDA:8,nested
FNDA:36,removeEmptyStrings
FNDA:2,format
FNDA:10,innerFormat
FNDA:36,callback
DA:1,1
DA:2,1
DA:3,1
DA:4,26
DA:5,14
DA:6,14
DA:7,26
DA:8,6
DA:9,6
DA:10,6
DA:11,6
DA:12,1
DA:13,1
DA:14,1
DA:15,1
DA:16,1
DA:17,1
DA:18,1
DA:19,1
DA:20,1
DA:21,1
DA:22,2
DA:23,10
DA:24,36
DA:25,36
DA:26,36
DA:27,36
DA:28,36
DA:29,10
DA:30,10
DA:31,10
DA:32,2
DA:33,2
DA:34,2
DA:35,1
LF:35
LH:35
BRDA:3,0,0,26
BRDA:4,1,0,14
BRDA:7,2,0,6
BRDA:14,3,0,6
BRDA:15,4,0,4
BRDA:16,5,0,10
BRDA:17,6,0,8
BRDA:18,7,0,8
BRDA:20,8,0,36
BRDA:21,9,0,2
BRDA:22,10,0,10
BRDA:23,11,0,36
BRDA:25,12,0,28
BRDA:25,13,0,8
BRF:14
BRH:14
end_of_record
TN:
SF:src/formatters/stylish.js
FN:4,render
FN:9,convertObjectToString
FN:12,stringify
FN:16,unchanged
FN:17,removed
FN:18,added
FN:19,changed
FN:23,nested
FN:30,format
FN:31,innerFormat
FNF:10
FNH:10
FNDA:80,render
FNDA:18,convertObjectToString
FNDA:62,stringify
FNDA:6,unchanged
FNDA:4,removed
FNDA:10,added
FNDA:8,changed
FNDA:8,nested
FNDA:2,format
FNDA:10,innerFormat
DA:1,1
DA:2,1
DA:3,1
DA:4,1
DA:5,80
DA:6,66
DA:7,66
DA:8,80
DA:9,80
DA:10,80
DA:11,80
DA:12,1
DA:13,1
DA:14,1
DA:15,1
DA:16,1
DA:17,1
DA:18,1
DA:19,1
DA:20,1
DA:21,1
DA:22,1
DA:23,1
DA:24,1
DA:25,1
DA:26,1
DA:27,1
DA:28,1
DA:29,1
DA:30,1
DA:31,2
DA:32,10
DA:33,10
DA:34,10
DA:35,10
DA:36,10
DA:37,2
DA:38,2
DA:39,2
DA:40,1
DA:41,1
LF:41
LH:41
BRDA:4,0,0,80
BRDA:5,1,0,66
BRDA:9,2,0,18
BRDA:12,3,0,62
BRDA:16,4,0,6
BRDA:17,5,0,4
BRDA:18,6,0,10
BRDA:19,7,0,8
BRDA:23,8,0,8
BRDA:30,9,0,2
BRDA:31,10,0,10
BRDA:33,11,0,36
BRF:12
BRH:12
end_of_record
